<?xml version="1.0" encoding="UTF-8"?>
<testng-results ignored="0" total="1" passed="1" failed="0" skipped="0">
  <reporter-output>
  </reporter-output>
  <suite started-at="2025-01-02T15:33:00 IST" name="TestRunner.TestRunner" finished-at="2025-01-02T15:33:09 IST" duration-ms="9019">
    <groups>
      <group name="cucumber">
        <method signature="AbstractTestNGCucumberTests.runScenario(io.cucumber.testng.PickleWrapper,io.cucumber.testng.FeatureWrapper)[pri:0, instance:TestRunner.TestRunner@7c469c48]" name="runScenario" class="io.cucumber.testng.AbstractTestNGCucumberTests"/>
      </group> <!-- cucumber -->
    </groups>
    <test started-at="2025-01-02T15:33:00 IST" name="Command line test" finished-at="2025-01-02T15:33:09 IST" duration-ms="9019">
      <class name="TestRunner.TestRunner">
        <test-method is-config="true" signature="setUpClass(org.testng.ITestContext)[pri:0, instance:TestRunner.TestRunner@7c469c48]" started-at="2025-01-02T15:33:00 IST" name="setUpClass" finished-at="2025-01-02T15:33:01 IST" duration-ms="1190" status="PASS">
          <params>
            <param index="0">
              <value>
                <![CDATA[org.testng.TestRunner@78830d9a]]>
              </value>
            </param>
          </params>
          <reporter-output>
          </reporter-output>
        </test-method> <!-- setUpClass -->
        <test-method signature="runScenario(io.cucumber.testng.PickleWrapper,io.cucumber.testng.FeatureWrapper)[pri:0, instance:TestRunner.TestRunner@7c469c48]" started-at="2025-01-02T15:33:01 IST" name="runScenario" description="Runs Cucumber Scenarios" data-provider="scenarios" finished-at="2025-01-02T15:33:09 IST" duration-ms="7706" status="PASS">
          <params>
            <param index="0">
              <value>
                <![CDATA["Verify login test"]]>
              </value>
            </param>
            <param index="1">
              <value>
                <![CDATA["Login to saucedemo.com"]]>
              </value>
            </param>
          </params>
          <reporter-output>
          </reporter-output>
        </test-method> <!-- runScenario -->
        <test-method is-config="true" signature="tearDownClass()[pri:0, instance:TestRunner.TestRunner@7c469c48]" started-at="2025-01-02T15:33:09 IST" name="tearDownClass" finished-at="2025-01-02T15:33:09 IST" duration-ms="44" status="PASS">
          <reporter-output>
          </reporter-output>
        </test-method> <!-- tearDownClass -->
      </class> <!-- TestRunner.TestRunner -->
    </test> <!-- Command line test -->
  </suite> <!-- TestRunner.TestRunner -->
</testng-results>
